<?xml version="1.0" encoding="UTF-8"?>
<Site BuildName="(empty)"
	BuildStamp="20260116-0340-Experimental"
	Name="(empty)"
	Generator="ctest-3.30.4"
	CompilerName=""
	CompilerVersion=""
	OSName="Windows"
	Hostname="DESKTOP-7OLP4P3"
	OSRelease=" Personal"
	OSVersion=" (Build 9200)"
	OSPlatform="AMD64"
	Is64Bits="1"
	VendorString=""
	VendorID="Unknown Manufacturer"
	FamilyID="0"
	ModelID="0"
	ProcessorCacheSize="0"
	NumberOfLogicalCPU="16"
	NumberOfPhysicalCPU="10"
	TotalVirtualMemory="30257"
	TotalPhysicalMemory="16004"
	LogicalProcessorsPerPhysical="1"
	ProcessorClockFrequency="2688"
	>
	<Testing>
		<StartDateTime>Jan 16 10:48 ????? (????)</StartDateTime>
		<StartTestTime>1768535305</StartTestTime>
		<TestList>
			<Test>./test_ip_filter</Test>
		</TestList>
		<Test Status="passed">
			<Name>test_ip_filter</Name>
			<Path>.</Path>
			<FullName>./test_ip_filter</FullName>
			<FullCommandLine>C:\Users\Kris\Desktop\Study\TPU\3sem\programming\cpp-labs\build\tests\test_ip_filter.exe</FullCommandLine>
			<Results>
				<NamedMeasurement type="numeric/double" name="Execution Time">
					<Value>0.328995</Value>
				</NamedMeasurement>
				<NamedMeasurement type="numeric/double" name="Processors">
					<Value>1</Value>
				</NamedMeasurement>
				<NamedMeasurement type="text/string" name="Completion Status">
					<Value>Completed</Value>
				</NamedMeasurement>
				<NamedMeasurement type="text/string" name="Command Line">
					<Value>C:\Users\Kris\Desktop\Study\TPU\3sem\programming\cpp-labs\build\tests\test_ip_filter.exe</Value>
				</NamedMeasurement>
				<NamedMeasurement type="text/string" name="Environment">
					<Value>#CTEST_RESOURCE_GROUP_COUNT=</Value>
				</NamedMeasurement>
				<Measurement>
					<Value encoding="base64" compression="gzip">eJyNkk1PwzAMhu/9FT52hzYgPg5IHDbG0DQEVbudpmnKWlNFpEkUp5v672nXMa0gSn2yk8evP+S4VEqoHAoulD+CD6sLeHpgK0JLbGEFsSnSp9OGJa7MKraMVuyGsGDG6tzyoqiTWWpMIPmO2K4UMmPbDA2xXOtcokNyAdn0ImTHsPG2TdUwTb3149k2EJ9auoeGoban62MAVAqHobcOzraBF6l3XLb/qPbCalWgqll0QWl+wB3RuZkJ6dAu6ydvDfHqDY626fyEEbeEc/MqFNZUa++LHgr8Kyho1CMZ475eMCbaunrUHtUu+L9w606qmbDkJpXr6/gXO1x+edBNAg1Q/0aHi49VNbDzEzlk3zybm0hr2bvrbwj821Zw0Om0NDjtuBx5w47TIbdBpg+qe/t/3jxYrkLw7y4K1YNE4yR5njbTnhJD7wsOazcQ====</Value>
				</Measurement>
			</Results>
		</Test>
		<EndDateTime>Jan 16 10:48 ????? (????)</EndDateTime>
		<EndTestTime>1768535305</EndTestTime>
		<ElapsedMinutes>0</ElapsedMinutes>
	</Testing>
</Site>
